2019-05-24 18:40:35 INFO  AddVehiclePageTest:33 - Initialize the Super Constructor
2019-05-24 18:41:08 INFO  TestBase:51 - Launching Chrome Broweser 
2019-05-24 18:41:25 INFO  TestBase:70 - Launching The product URL
2019-05-24 18:47:49 INFO  AddVehiclePageTest:33 - Initialize the Super Constructor
2019-05-24 18:47:54 INFO  TestBase:51 - Launching Chrome Broweser 
2019-05-24 18:48:10 INFO  TestBase:70 - Launching The product URL
2019-05-24 18:48:24 INFO  AddVehiclePageTest:53 - Verify Add vehicale Page Title 
2019-05-24 18:48:24 INFO  AddVehiclePageTest:60 - Check UserName On Add vehicle
2019-05-24 18:48:26 INFO  AddVehiclePageTest:112 - Close Browser
2019-05-24 18:52:02 INFO  AddVehiclePageTest:33 - Initialize the Super Constructor
2019-05-24 18:52:05 INFO  TestBase:51 - Launching Chrome Broweser 
2019-05-24 18:52:18 INFO  TestBase:70 - Launching The product URL
2019-05-24 18:52:30 INFO  AddVehiclePageTest:53 - Verify Add vehicale Page Title 
2019-05-24 18:52:30 INFO  AddVehiclePageTest:60 - Check UserName On Add vehicle
2019-05-24 18:52:32 INFO  AddVehiclePageTest:112 - Close Browser
2019-05-24 18:53:38 INFO  AddVehiclePageTest:33 - Initialize the Super Constructor
2019-05-24 18:53:43 INFO  TestBase:51 - Launching Chrome Broweser 
2019-05-24 18:53:57 INFO  TestBase:70 - Launching The product URL
2019-05-24 18:54:10 INFO  AddVehiclePageTest:53 - Verify Add vehicale Page Title 
2019-05-24 18:54:10 INFO  AddVehiclePageTest:60 - Check UserName On Add vehicle
2019-05-24 18:54:12 INFO  AddVehiclePageTest:112 - Close Browser
2019-05-25 10:08:36 INFO  AddVehiclePageTest:33 - Initialize the Super Constructor
2019-05-25 10:08:44 INFO  TestBase:51 - Launching Chrome Broweser 
2019-05-25 10:08:59 INFO  TestBase:70 - Launching The product URL
2019-05-25 10:09:14 INFO  AddVehiclePageTest:53 - Verify Add vehicale Page Title 
2019-05-25 10:09:14 INFO  AddVehiclePageTest:60 - Check UserName On Add vehicle
2019-05-25 10:13:24 INFO  AddVehiclePageTest:112 - Close Browser
2019-05-25 10:20:25 INFO  AddVehiclePageTest:33 - Initialize the Super Constructor
2019-05-25 10:20:32 INFO  TestBase:51 - Launching Chrome Broweser 
2019-05-25 10:20:45 INFO  TestBase:70 - Launching The product URL
2019-05-25 10:20:58 INFO  AddVehiclePageTest:53 - Verify Add vehicale Page Title 
2019-05-25 10:20:58 INFO  AddVehiclePageTest:60 - Check UserName On Add vehicle
2019-05-25 10:21:01 INFO  AddVehiclePageTest:112 - Close Browser
2019-05-25 10:23:57 INFO  AddVehiclePageTest:33 - Initialize the Super Constructor
2019-05-25 10:24:01 INFO  TestBase:51 - Launching Chrome Broweser 
2019-05-25 10:24:15 INFO  TestBase:70 - Launching The product URL
2019-05-25 10:24:29 INFO  AddVehiclePageTest:53 - Verify Add vehicale Page Title 
2019-05-25 10:24:29 INFO  AddVehiclePageTest:60 - Check UserName On Add vehicle
2019-05-25 10:24:33 INFO  AddVehiclePageTest:112 - Close Browser
2019-05-25 10:25:49 INFO  AddVehiclePageTest:33 - Initialize the Super Constructor
2019-05-25 10:25:58 INFO  TestBase:51 - Launching Chrome Broweser 
2019-05-25 10:26:13 INFO  TestBase:70 - Launching The product URL
2019-05-25 10:26:27 INFO  AddVehiclePageTest:53 - Verify Add vehicale Page Title 
2019-05-25 10:26:27 INFO  AddVehiclePageTest:60 - Check UserName On Add vehicle
2019-05-25 10:26:32 INFO  AddVehiclePageTest:112 - Close Browser
2019-05-25 10:33:09 INFO  AddVehiclePageTest:33 - Initialize the Super Constructor
2019-05-25 10:33:13 INFO  TestBase:51 - Launching Chrome Broweser 
2019-05-25 10:33:24 INFO  TestBase:70 - Launching The product URL
2019-05-25 10:33:37 INFO  AddVehiclePageTest:53 - Verify Add vehicale Page Title 
2019-05-25 10:33:38 INFO  AddVehiclePageTest:60 - Check UserName On Add vehicle
2019-05-25 10:33:40 INFO  AddVehiclePageTest:85 - Enter vehicle Classification Details
2019-05-25 10:33:41 INFO  AddVehiclePageTest:94 - Enter Vehical Owner Details
2019-05-25 10:33:49 INFO  AddVehiclePageTest:98 - Add vehicle Photo
2019-05-25 10:33:49 INFO  AddVehiclePageTest:102 - Click on Save & Exit Button
2019-05-25 10:34:42 INFO  AddVehiclePageTest:112 - Close Browser
2019-05-25 11:00:37 INFO  HomePage:43 - Initialize the Home Page Super Constructor
2019-05-25 11:00:37 INFO  AddComplaintCategoryTest:23 - Initialize the Super Constructor
2019-05-25 11:00:37 INFO  AddVehiclePageTest:33 - Initialize the Super Constructor
2019-05-25 11:00:43 INFO  TestBase:51 - Launching Chrome Broweser 
2019-05-25 11:01:02 INFO  TestBase:70 - Launching The product URL
2019-05-25 11:01:22 INFO  AddComplaintCategoryTest:39 - Add Complaint Category
2019-05-25 11:01:24 INFO  AddComplaintCategoryTest:46 - Close Browser
2019-05-25 11:03:34 INFO  HomePage:43 - Initialize the Home Page Super Constructor
2019-05-25 11:03:35 INFO  AddVehiclePageTest:33 - Initialize the Super Constructor
2019-05-25 11:03:41 INFO  TestBase:51 - Launching Chrome Broweser 
2019-05-25 11:04:03 INFO  TestBase:70 - Launching The product URL
2019-05-25 11:04:10 INFO  TestBase:51 - Launching Chrome Broweser 
2019-05-25 11:04:28 INFO  TestBase:70 - Launching The product URL
2019-05-25 11:04:44 INFO  AddVehiclePageTest:53 - Verify Add vehicale Page Title 
2019-05-25 11:09:02 INFO  AddVehiclePageTest:33 - Initialize the Super Constructor
2019-05-25 11:09:09 INFO  TestBase:51 - Launching Chrome Broweser 
2019-05-25 11:09:23 INFO  TestBase:70 - Launching The product URL
2019-05-25 11:09:37 INFO  AddVehiclePageTest:53 - Verify Add vehicale Page Title 
2019-05-25 11:09:37 INFO  AddVehiclePageTest:60 - Check UserName On Add vehicle
2019-05-25 11:10:29 INFO  AddVehiclePageTest:85 - Enter vehicle Classification Details
2019-05-25 11:10:30 INFO  AddVehiclePageTest:90 - Enter Additional Details Of the vehicle
2019-05-25 11:10:30 INFO  AddVehiclePageTest:94 - Enter Vehical Owner Details
2019-05-25 11:10:35 INFO  AddVehiclePageTest:98 - Add vehicle Photo
2019-05-25 11:10:35 INFO  AddVehiclePageTest:102 - Click on Save & Exit Button
2019-05-25 11:11:28 INFO  AddVehiclePageTest:113 - Close Browser
2019-05-25 12:12:12 INFO  AddVehiclePageTest:33 - Initialize the Super Constructor
2019-05-25 12:12:22 INFO  TestBase:51 - Launching Chrome Broweser 
2019-05-25 12:12:38 INFO  TestBase:70 - Launching The product URL
2019-05-25 12:12:54 INFO  AddVehiclePageTest:53 - Verify Add vehicale Page Title 
2019-05-25 12:12:54 INFO  AddVehiclePageTest:60 - Check UserName On Add vehicle
2019-05-25 12:12:58 INFO  AddVehiclePageTest:110 - Click on Cancel Button 
2019-05-25 12:13:00 INFO  AddVehiclePageTest:117 - Close Browser
2019-05-25 12:16:53 INFO  AddVehiclePageTest:33 - Initialize the Super Constructor
2019-05-25 12:16:58 INFO  TestBase:51 - Launching Chrome Broweser 
2019-05-25 12:17:12 INFO  TestBase:70 - Launching The product URL
2019-05-25 12:17:26 INFO  AddVehiclePageTest:53 - Verify Add vehicale Page Title 
2019-05-25 12:17:26 INFO  AddVehiclePageTest:60 - Check UserName On Add vehicle
2019-05-25 12:17:28 INFO  AddVehiclePageTest:117 - Close Browser
2019-05-25 12:40:11 INFO  AddVehiclePageTest:33 - Initialize the Super Constructor
2019-05-25 12:40:18 INFO  TestBase:51 - Launching Chrome Broweser 
2019-05-25 12:40:30 INFO  TestBase:70 - Launching The product URL
2019-05-25 12:40:46 INFO  AddVehiclePageTest:53 - Verify Add vehicale Page Title 
2019-05-25 12:40:46 INFO  AddVehiclePageTest:60 - Check UserName On Add vehicle
2019-05-25 12:40:49 INFO  AddVehiclePageTest:115 - Close Browser
2019-05-25 13:35:35 INFO  AddVehiclePageTest:33 - Initialize the Super Constructor
2019-05-25 13:35:41 INFO  TestBase:51 - Launching Chrome Broweser 
2019-05-25 13:36:01 INFO  TestBase:70 - Launching The product URL
2019-05-25 13:36:18 INFO  AddVehiclePageTest:53 - Verify Add vehicale Page Title 
2019-05-25 13:36:18 INFO  AddVehiclePageTest:60 - Check UserName On Add vehicle
2019-05-25 13:38:01 INFO  AddVehiclePageTest:115 - Close Browser
2019-05-25 14:16:52 INFO  AddVehiclePageTest:35 - Initialize the Super Constructor
2019-05-25 14:17:02 INFO  TestBase:51 - Launching Chrome Broweser 
2019-05-25 14:17:20 INFO  TestBase:70 - Launching The product URL
2019-05-25 14:17:34 INFO  AddVehiclePageTest:55 - Verify Add vehicale Page Title 
2019-05-25 14:17:34 INFO  AddVehiclePageTest:62 - Check UserName On Add vehicle
2019-05-25 14:19:18 INFO  AddVehiclePageTest:117 - Close Browser
2019-05-25 14:38:40 INFO  AddVehiclePageTest:35 - Initialize the Super Constructor
2019-05-25 14:38:50 INFO  TestBase:51 - Launching Chrome Broweser 
2019-05-25 14:39:07 INFO  TestBase:70 - Launching The product URL
2019-05-25 14:39:21 INFO  AddVehiclePageTest:55 - Verify Add vehicale Page Title 
2019-05-25 14:39:21 INFO  AddVehiclePageTest:62 - Check UserName On Add vehicle
2019-05-25 14:39:23 INFO  AddVehiclePageTest:117 - Close Browser
2019-05-25 14:40:25 INFO  AddVehiclePageTest:35 - Initialize the Super Constructor
2019-05-25 14:40:28 INFO  TestBase:51 - Launching Chrome Broweser 
2019-05-25 14:40:41 INFO  TestBase:70 - Launching The product URL
2019-05-25 14:40:54 INFO  AddVehiclePageTest:55 - Verify Add vehicale Page Title 
2019-05-25 14:40:55 INFO  AddVehiclePageTest:62 - Check UserName On Add vehicle
2019-05-25 14:41:45 INFO  TestBase:108 - Enter vehicle Model Type
2019-05-25 14:42:38 INFO  TestBase:108 - Enter vehicle Model Type
2019-05-25 14:43:33 INFO  AddVehiclePageTest:117 - Close Browser
2019-05-25 16:44:08 INFO  Masters_AddPartCategoryTest:32 - Initialize the Super Constructor
2019-05-25 16:44:21 INFO  TestBase:51 - Launching Chrome Broweser 
2019-05-25 16:44:43 INFO  TestBase:70 - Launching The product URL
2019-05-25 16:45:15 INFO  ExcelSheetRead:62 - Creating excel object:-D:\FleetainWorkSpace\FleetainProduct\src\main\java\com\fleetain\TestData\AddVehiclePartCategory.xlsx
2019-05-25 16:45:26 INFO  Masters_AddPartCategoryTest:62 - Add Category Name
2019-05-25 16:45:35 INFO  Masters_AddPartCategoryTest:62 - Add Category Name
2019-05-25 16:45:42 INFO  Masters_AddPartCategoryTest:62 - Add Category Name
2019-05-25 16:45:44 INFO  Masters_AddPartCategoryTest:69 - Close Browser
2019-05-25 17:10:15 INFO  Masters_AddPartCategoryTest:34 - Initialize the Super Constructor
2019-05-25 17:10:31 INFO  TestBase:51 - Launching Chrome Broweser 
2019-05-25 17:10:48 INFO  TestBase:70 - Launching The product URL
2019-05-25 17:11:09 INFO  ExcelSheetRead:62 - Creating excel object:-D:\FleetainWorkSpace\FleetainProduct\src\main\java\com\fleetain\TestData\AddVehiclePartCategory.xlsx
2019-05-25 17:11:15 INFO  Masters_AddPartCategoryTest:73 - Close Browser
2019-05-25 17:12:41 INFO  Masters_AddPartCategoryTest:34 - Initialize the Super Constructor
2019-05-25 17:12:47 INFO  TestBase:51 - Launching Chrome Broweser 
2019-05-25 17:13:04 INFO  TestBase:70 - Launching The product URL
2019-05-25 17:13:25 INFO  ExcelSheetRead:62 - Creating excel object:-D:\FleetainWorkSpace\FleetainProduct\src\main\java\com\fleetain\TestData\AddVehiclePartCategory.xlsx
2019-05-25 17:13:36 INFO  Masters_AddPartCategoryTest:66 - Add Category Name
2019-05-25 17:13:44 INFO  Masters_AddPartCategoryTest:66 - Add Category Name
2019-05-25 17:13:46 INFO  Masters_AddPartCategoryTest:73 - Close Browser
2019-05-25 17:45:39 INFO  Masters_AddComplaintCategoryTest:29 - Initialize the Super Constructor
2019-05-25 17:45:48 INFO  TestBase:51 - Launching Chrome Broweser 
2019-05-25 17:46:06 INFO  TestBase:70 - Launching The product URL
2019-05-25 17:46:18 INFO  ExcelSheetRead:62 - Creating excel object:-D:\FleetainWorkSpace\FleetainProduct\src\main\java\com\fleetain\TestData\AddVehiclePartCategory.xlsx
2019-05-25 17:46:23 INFO  Masters_AddComplaintCategoryTest:51 - Add Complaint Category
2019-05-25 17:47:22 INFO  Masters_AddComplaintCategoryTest:51 - Add Complaint Category
2019-05-25 17:47:26 INFO  Masters_AddComplaintCategoryTest:51 - Add Complaint Category
2019-05-25 17:47:29 INFO  Masters_AddComplaintCategoryTest:60 - Close Browser
2019-05-25 17:56:56 INFO  Masters_AddComplaintCategoryTest:29 - Initialize the Super Constructor
2019-05-25 17:57:02 INFO  TestBase:51 - Launching Chrome Broweser 
2019-05-25 17:57:15 INFO  TestBase:70 - Launching The product URL
2019-05-25 17:57:28 INFO  ExcelSheetRead:62 - Creating excel object:-D:\FleetainWorkSpace\FleetainProduct\src\main\java\com\fleetain\TestData\AddVehiclePartCategory.xlsx
2019-05-25 17:57:34 INFO  Masters_AddComplaintCategoryTest:51 - Add Complaint Category
2019-05-25 17:57:38 INFO  Masters_AddComplaintCategoryTest:51 - Add Complaint Category
2019-05-25 17:57:42 INFO  Masters_AddComplaintCategoryTest:51 - Add Complaint Category
2019-05-25 17:57:44 INFO  Masters_AddComplaintCategoryTest:60 - Close Browser
2019-05-27 11:00:15 INFO  AddVehiclePageTest:35 - Initialize the Super Constructor
2019-05-27 11:01:50 INFO  Masters_MakeModelTest:28 - call supar Constructor
2019-05-27 11:01:54 INFO  TestBase:51 - Launching Chrome Broweser 
2019-05-27 11:02:08 INFO  TestBase:70 - Launching The product URL
2019-05-27 11:02:40 INFO  Masters_MakeModelTest:59 - Close Browser
2019-05-27 11:55:28 INFO  InspectionsTest:24 - Initialize theInspection Super Constructor
2019-05-27 11:55:35 INFO  TestBase:51 - Launching Chrome Broweser 
2019-05-27 11:55:50 INFO  TestBase:70 - Launching The product URL
2019-05-27 11:56:00 INFO  InspectionsTest:46 - Close The Inspection browser
2019-05-27 12:33:52 INFO  TestBase:51 - Launching Chrome Broweser 
2019-05-27 12:34:12 INFO  TestBase:70 - Launching The product URL
2019-05-27 14:40:04 INFO  TestBase:51 - Launching Chrome Broweser 
2019-05-27 14:40:27 INFO  TestBase:70 - Launching The product URL
2019-05-27 14:40:39 INFO  ExcelSheetRead:62 - Creating excel object:-D:\FleetainWorkSpace\FleetainProduct\src\main\java\com\fleetain\TestData\Vehicale Inspection.xlsx
2019-05-27 14:44:46 INFO  TestBase:51 - Launching Chrome Broweser 
2019-05-27 14:44:58 INFO  TestBase:70 - Launching The product URL
2019-05-27 14:45:09 INFO  ExcelSheetRead:62 - Creating excel object:-D:\FleetainWorkSpace\FleetainProduct\src\main\java\com\fleetain\TestData\Vehicale Inspection.xlsx
2019-05-27 14:49:03 INFO  TestBase:51 - Launching Chrome Broweser 
2019-05-27 14:49:15 INFO  TestBase:70 - Launching The product URL
2019-05-27 14:49:25 INFO  ExcelSheetRead:62 - Creating excel object:-D:\FleetainWorkSpace\FleetainProduct\src\main\java\com\fleetain\TestData\Vehicale Inspection.xlsx
2019-05-27 14:51:59 INFO  TestBase:51 - Launching Chrome Broweser 
2019-05-27 14:52:11 INFO  TestBase:70 - Launching The product URL
2019-05-27 14:52:21 INFO  ExcelSheetRead:62 - Creating excel object:-D:\FleetainWorkSpace\FleetainProduct\src\main\java\com\fleetain\TestData\Vehicale Inspection.xlsx
2019-05-27 14:58:05 INFO  TestBase:51 - Launching Chrome Broweser 
2019-05-27 14:58:18 INFO  TestBase:70 - Launching The product URL
2019-05-27 14:58:28 INFO  ExcelSheetRead:62 - Creating excel object:-D:\FleetainWorkSpace\FleetainProduct\src\main\java\com\fleetain\TestData\Vehicale Inspection.xlsx
2019-05-27 15:22:53 INFO  TestBase:51 - Launching Chrome Broweser 
2019-05-27 15:23:14 INFO  TestBase:70 - Launching The product URL
2019-05-27 15:23:26 INFO  ExcelSheetRead:62 - Creating excel object:-D:\FleetainWorkSpace\FleetainProduct\src\main\java\com\fleetain\TestData\Vehicale Inspection.xlsx
2019-05-27 15:26:43 INFO  TestBase:51 - Launching Chrome Broweser 
2019-05-27 15:26:56 INFO  TestBase:70 - Launching The product URL
2019-05-27 15:27:05 INFO  ExcelSheetRead:62 - Creating excel object:-D:\FleetainWorkSpace\FleetainProduct\src\main\java\com\fleetain\TestData\Vehicale Inspection.xlsx
2019-05-27 16:27:10 INFO  TestBase:51 - Launching Chrome Broweser 
2019-05-27 16:28:06 INFO  TestBase:51 - Launching Chrome Broweser 
2019-05-27 16:28:18 INFO  TestBase:70 - Launching The product URL
2019-05-27 16:28:29 INFO  ExcelSheetRead:62 - Creating excel object:-D:\FleetainWorkSpace\FleetainProduct\src\main\java\com\fleetain\TestData\Vehicale Inspection.xlsx
2019-05-27 16:32:15 INFO  TestBase:51 - Launching Chrome Broweser 
2019-05-27 16:32:30 INFO  TestBase:70 - Launching The product URL
2019-05-27 16:32:39 INFO  ExcelSheetRead:62 - Creating excel object:-D:\FleetainWorkSpace\FleetainProduct\src\main\java\com\fleetain\TestData\Vehicale Inspection.xlsx
2019-05-27 16:37:42 INFO  TestBase:51 - Launching Chrome Broweser 
2019-05-27 16:37:58 INFO  TestBase:70 - Launching The product URL
2019-05-27 16:38:08 INFO  ExcelSheetRead:62 - Creating excel object:-D:\FleetainWorkSpace\FleetainProduct\src\main\java\com\fleetain\TestData\Vehicale Inspection.xlsx
2019-05-27 16:45:36 INFO  TestBase:51 - Launching Chrome Broweser 
2019-05-27 16:45:51 INFO  TestBase:70 - Launching The product URL
2019-05-27 16:46:01 INFO  ExcelSheetRead:62 - Creating excel object:-D:\FleetainWorkSpace\FleetainProduct\src\main\java\com\fleetain\TestData\Vehicale Inspection.xlsx
2019-05-27 16:47:06 INFO  TestBase:51 - Launching Chrome Broweser 
2019-05-27 16:47:18 INFO  TestBase:70 - Launching The product URL
2019-05-27 16:47:28 INFO  ExcelSheetRead:62 - Creating excel object:-D:\FleetainWorkSpace\FleetainProduct\src\main\java\com\fleetain\TestData\Vehicale Inspection.xlsx
2019-05-27 16:52:20 INFO  TestBase:51 - Launching Chrome Broweser 
2019-05-27 16:52:37 INFO  TestBase:70 - Launching The product URL
2019-05-27 16:52:49 INFO  ExcelSheetRead:62 - Creating excel object:-D:\FleetainWorkSpace\FleetainProduct\src\main\java\com\fleetain\TestData\Vehicale Inspection.xlsx
2019-05-27 16:55:32 INFO  TestBase:51 - Launching Chrome Broweser 
2019-05-27 16:55:47 INFO  TestBase:70 - Launching The product URL
2019-05-27 16:57:14 INFO  ExcelSheetRead:62 - Creating excel object:-D:\FleetainWorkSpace\FleetainProduct\src\main\java\com\fleetain\TestData\Vehicale Inspection.xlsx
2019-05-27 16:57:53 INFO  TestBase:51 - Launching Chrome Broweser 
2019-05-27 16:58:07 INFO  TestBase:70 - Launching The product URL
2019-05-27 16:58:19 INFO  ExcelSheetRead:62 - Creating excel object:-D:\FleetainWorkSpace\FleetainProduct\src\main\java\com\fleetain\TestData\Vehicale Inspection.xlsx
2019-05-27 18:08:51 INFO  TestBase:51 - Launching Chrome Broweser 
2019-05-27 18:09:10 INFO  TestBase:70 - Launching The product URL
2019-05-27 18:09:23 INFO  ExcelSheetRead:62 - Creating excel object:-D:\FleetainWorkSpace\FleetainProduct\src\main\java\com\fleetain\TestData\Vehicale Inspection.xlsx
2019-05-27 18:11:42 INFO  TestBase:51 - Launching Chrome Broweser 
2019-05-27 18:11:54 INFO  TestBase:70 - Launching The product URL
2019-05-27 18:12:03 INFO  ExcelSheetRead:62 - Creating excel object:-D:\FleetainWorkSpace\FleetainProduct\src\main\java\com\fleetain\TestData\Vehicale Inspection.xlsx
2019-05-27 18:14:33 INFO  TestBase:51 - Launching Chrome Broweser 
2019-05-27 18:14:46 INFO  TestBase:70 - Launching The product URL
2019-05-27 18:14:55 INFO  ExcelSheetRead:62 - Creating excel object:-D:\FleetainWorkSpace\FleetainProduct\src\main\java\com\fleetain\TestData\Vehicale Inspection.xlsx
2019-05-27 18:15:05 INFO  ExcelSheetRead:62 - Creating excel object:-D:\FleetainWorkSpace\FleetainProduct\src\main\java\com\fleetain\TestData\Vehicale Inspection.xlsx
2019-05-28 10:47:31 INFO  TestBase:51 - Launching Chrome Broweser 
2019-05-28 10:47:49 INFO  TestBase:70 - Launching The product URL
2019-05-28 10:48:00 INFO  ExcelSheetRead:62 - Creating excel object:-D:\FleetainWorkSpace\FleetainProduct\src\main\java\com\fleetain\TestData\Vehicale Inspection.xlsx
2019-05-28 10:48:12 INFO  ExcelSheetRead:62 - Creating excel object:-D:\FleetainWorkSpace\FleetainProduct\src\main\java\com\fleetain\TestData\Vehicale Inspection.xlsx
2019-05-28 11:11:09 INFO  TestBase:51 - Launching Chrome Broweser 
2019-05-28 11:11:29 INFO  TestBase:70 - Launching The product URL
2019-05-28 11:12:35 INFO  ExcelSheetRead:62 - Creating excel object:-D:\FleetainWorkSpace\FleetainProduct\src\main\java\com\fleetain\TestData\Vehicale Inspection.xlsx
2019-05-28 11:12:45 INFO  ExcelSheetRead:62 - Creating excel object:-D:\FleetainWorkSpace\FleetainProduct\src\main\java\com\fleetain\TestData\Vehicale Inspection.xlsx
2019-05-28 11:17:31 INFO  TestBase:51 - Launching Chrome Broweser 
2019-05-28 11:17:44 INFO  TestBase:70 - Launching The product URL
2019-05-28 11:18:46 INFO  ExcelSheetRead:62 - Creating excel object:-D:\FleetainWorkSpace\FleetainProduct\src\main\java\com\fleetain\TestData\Vehicale Inspection.xlsx
2019-05-28 11:18:59 INFO  ExcelSheetRead:62 - Creating excel object:-D:\FleetainWorkSpace\FleetainProduct\src\main\java\com\fleetain\TestData\Vehicale Inspection.xlsx
2019-05-28 11:21:47 INFO  TestBase:51 - Launching Chrome Broweser 
2019-05-28 11:22:00 INFO  TestBase:70 - Launching The product URL
2019-05-28 11:22:10 INFO  ExcelSheetRead:62 - Creating excel object:-D:\FleetainWorkSpace\FleetainProduct\src\main\java\com\fleetain\TestData\Vehicale Inspection.xlsx
2019-05-28 11:22:20 INFO  ExcelSheetRead:62 - Creating excel object:-D:\FleetainWorkSpace\FleetainProduct\src\main\java\com\fleetain\TestData\Vehicale Inspection.xlsx
2019-05-28 11:29:49 INFO  TestBase:51 - Launching Chrome Broweser 
2019-05-28 11:30:12 INFO  TestBase:70 - Launching The product URL
2019-05-28 11:30:25 INFO  ExcelSheetRead:62 - Creating excel object:-D:\FleetainWorkSpace\FleetainProduct\src\main\java\com\fleetain\TestData\Vehicale Inspection.xlsx
2019-05-28 11:30:44 INFO  ExcelSheetRead:62 - Creating excel object:-D:\FleetainWorkSpace\FleetainProduct\src\main\java\com\fleetain\TestData\Vehicale Inspection.xlsx
2019-05-28 12:00:11 INFO  TestBase:51 - Launching Chrome Broweser 
2019-05-28 12:00:27 INFO  TestBase:70 - Launching The product URL
2019-05-28 12:00:41 INFO  ExcelSheetRead:62 - Creating excel object:-D:\FleetainWorkSpace\FleetainProduct\src\main\java\com\fleetain\TestData\Vehicale Inspection.xlsx
2019-05-28 12:01:04 INFO  ExcelSheetRead:62 - Creating excel object:-D:\FleetainWorkSpace\FleetainProduct\src\main\java\com\fleetain\TestData\Vehicale Inspection.xlsx
2019-05-28 12:06:27 INFO  TestBase:51 - Launching Chrome Broweser 
2019-05-28 12:06:40 INFO  TestBase:70 - Launching The product URL
2019-05-28 12:06:58 INFO  ExcelSheetRead:62 - Creating excel object:-D:\FleetainWorkSpace\FleetainProduct\src\main\java\com\fleetain\TestData\Vehicale Inspection.xlsx
2019-05-28 12:07:07 INFO  ExcelSheetRead:62 - Creating excel object:-D:\FleetainWorkSpace\FleetainProduct\src\main\java\com\fleetain\TestData\Vehicale Inspection.xlsx
2019-05-28 12:07:13 INFO  ExcelSheetRead:62 - Creating excel object:-D:\FleetainWorkSpace\FleetainProduct\src\main\java\com\fleetain\TestData\Vehicale Inspection.xlsx
2019-05-28 12:11:45 INFO  TestBase:51 - Launching Chrome Broweser 
2019-05-28 12:11:58 INFO  TestBase:70 - Launching The product URL
2019-05-28 12:12:10 INFO  ExcelSheetRead:62 - Creating excel object:-D:\FleetainWorkSpace\FleetainProduct\src\main\java\com\fleetain\TestData\Vehicale Inspection.xlsx
2019-05-28 12:12:19 INFO  ExcelSheetRead:62 - Creating excel object:-D:\FleetainWorkSpace\FleetainProduct\src\main\java\com\fleetain\TestData\Vehicale Inspection.xlsx
2019-05-28 12:12:23 INFO  ExcelSheetRead:62 - Creating excel object:-D:\FleetainWorkSpace\FleetainProduct\src\main\java\com\fleetain\TestData\Vehicale Inspection.xlsx
2019-05-28 12:19:37 INFO  TestBase:51 - Launching Chrome Broweser 
2019-05-28 12:19:54 INFO  TestBase:70 - Launching The product URL
2019-05-28 12:20:06 INFO  ExcelSheetRead:62 - Creating excel object:-D:\FleetainWorkSpace\FleetainProduct\src\main\java\com\fleetain\TestData\Vehicale Inspection.xlsx
2019-05-28 12:20:17 INFO  ExcelSheetRead:62 - Creating excel object:-D:\FleetainWorkSpace\FleetainProduct\src\main\java\com\fleetain\TestData\Vehicale Inspection.xlsx
2019-05-28 12:20:22 INFO  ExcelSheetRead:62 - Creating excel object:-D:\FleetainWorkSpace\FleetainProduct\src\main\java\com\fleetain\TestData\Vehicale Inspection.xlsx
2019-05-28 12:31:13 INFO  TestBase:51 - Launching Chrome Broweser 
2019-05-28 12:31:35 INFO  TestBase:70 - Launching The product URL
2019-05-28 12:31:47 INFO  ExcelSheetRead:62 - Creating excel object:-D:\FleetainWorkSpace\FleetainProduct\src\main\java\com\fleetain\TestData\Vehicale Inspection.xlsx
2019-05-28 12:32:00 INFO  ExcelSheetRead:62 - Creating excel object:-D:\FleetainWorkSpace\FleetainProduct\src\main\java\com\fleetain\TestData\Vehicale Inspection.xlsx
2019-05-28 12:32:01 INFO  ExcelSheetRead:62 - Creating excel object:-D:\FleetainWorkSpace\FleetainProduct\src\main\java\com\fleetain\TestData\Vehicale Inspection.xlsx
2019-05-28 13:57:45 INFO  TestBase:51 - Launching Chrome Broweser 
2019-05-28 13:58:09 INFO  TestBase:70 - Launching The product URL
2019-05-28 13:58:25 INFO  ExcelSheetRead:62 - Creating excel object:-D:\FleetainWorkSpace\FleetainProduct\src\main\java\com\fleetain\TestData\Vehicale Inspection.xlsx
2019-05-28 13:59:17 INFO  ExcelSheetRead:62 - Creating excel object:-D:\FleetainWorkSpace\FleetainProduct\src\main\java\com\fleetain\TestData\Vehicale Inspection.xlsx
2019-05-28 13:59:18 INFO  ExcelSheetRead:62 - Creating excel object:-D:\FleetainWorkSpace\FleetainProduct\src\main\java\com\fleetain\TestData\Vehicale Inspection.xlsx
2019-05-28 17:01:36 INFO  TestBase:51 - Launching Chrome Broweser 
2019-05-28 17:01:55 INFO  TestBase:70 - Launching The product URL
2019-05-28 17:02:08 INFO  ExcelSheetRead:62 - Creating excel object:-D:\FleetainWorkSpace\FleetainProduct\src\main\java\com\fleetain\TestData\Vehicale Inspection.xlsx
2019-05-28 17:02:50 INFO  ExcelSheetRead:62 - Creating excel object:-D:\FleetainWorkSpace\FleetainProduct\src\main\java\com\fleetain\TestData\Vehicale Inspection.xlsx
2019-05-28 17:02:51 INFO  ExcelSheetRead:62 - Creating excel object:-D:\FleetainWorkSpace\FleetainProduct\src\main\java\com\fleetain\TestData\Vehicale Inspection.xlsx
2019-05-28 17:06:51 INFO  TestBase:51 - Launching Chrome Broweser 
2019-05-28 17:07:04 INFO  TestBase:70 - Launching The product URL
2019-05-28 17:07:56 INFO  ExcelSheetRead:62 - Creating excel object:-D:\FleetainWorkSpace\FleetainProduct\src\main\java\com\fleetain\TestData\Vehicale Inspection.xlsx
2019-05-28 17:08:07 INFO  ExcelSheetRead:62 - Creating excel object:-D:\FleetainWorkSpace\FleetainProduct\src\main\java\com\fleetain\TestData\Vehicale Inspection.xlsx
2019-05-28 17:11:45 INFO  TestBase:51 - Launching Chrome Broweser 
2019-05-28 17:12:00 INFO  TestBase:70 - Launching The product URL
2019-05-28 17:12:16 INFO  ExcelSheetRead:62 - Creating excel object:-D:\FleetainWorkSpace\FleetainProduct\src\main\java\com\fleetain\TestData\Vehicale Inspection.xlsx
2019-05-28 17:12:26 INFO  ExcelSheetRead:62 - Creating excel object:-D:\FleetainWorkSpace\FleetainProduct\src\main\java\com\fleetain\TestData\Vehicale Inspection.xlsx
2019-05-28 17:21:14 INFO  TestBase:51 - Launching Chrome Broweser 
2019-05-28 17:21:32 INFO  TestBase:70 - Launching The product URL
2019-05-28 17:21:52 INFO  ExcelSheetRead:62 - Creating excel object:-D:\FleetainWorkSpace\FleetainProduct\src\main\java\com\fleetain\TestData\Vehicale Inspection.xlsx
2019-05-28 17:22:07 INFO  ExcelSheetRead:62 - Creating excel object:-D:\FleetainWorkSpace\FleetainProduct\src\main\java\com\fleetain\TestData\Vehicale Inspection.xlsx
2019-05-28 17:24:06 INFO  TestBase:51 - Launching Chrome Broweser 
2019-05-28 17:24:24 INFO  TestBase:70 - Launching The product URL
2019-05-28 17:24:45 INFO  ExcelSheetRead:62 - Creating excel object:-D:\FleetainWorkSpace\FleetainProduct\src\main\java\com\fleetain\TestData\Vehicale Inspection.xlsx
2019-05-28 17:24:59 INFO  ExcelSheetRead:62 - Creating excel object:-D:\FleetainWorkSpace\FleetainProduct\src\main\java\com\fleetain\TestData\Vehicale Inspection.xlsx
2019-05-28 17:48:59 INFO  TestBase:51 - Launching Chrome Broweser 
2019-05-28 17:49:16 INFO  TestBase:70 - Launching The product URL
2019-05-28 17:49:30 INFO  ExcelSheetRead:62 - Creating excel object:-D:\FleetainWorkSpace\FleetainProduct\src\main\java\com\fleetain\TestData\Vehicale Inspection.xlsx
2019-05-28 17:49:52 INFO  ExcelSheetRead:62 - Creating excel object:-D:\FleetainWorkSpace\FleetainProduct\src\main\java\com\fleetain\TestData\Vehicale Inspection.xlsx
2019-05-28 18:04:56 INFO  TestBase:51 - Launching Chrome Broweser 
2019-05-28 18:22:50 INFO  TestBase:51 - Launching Chrome Broweser 
2019-05-28 18:23:08 INFO  TestBase:70 - Launching The product URL
2019-05-28 18:23:21 INFO  ExcelSheetRead:62 - Creating excel object:-D:\FleetainWorkSpace\FleetainProduct\src\main\java\com\fleetain\TestData\Vehicale Inspection.xlsx
2019-05-28 18:23:31 INFO  ExcelSheetRead:62 - Creating excel object:-D:\FleetainWorkSpace\FleetainProduct\src\main\java\com\fleetain\TestData\Vehicale Inspection.xlsx
2019-05-28 22:57:48 INFO  ExcelSheetRead:62 - Creating excel object:-D:\FleetainWorkSpace\FleetainProduct\src\main\java\com\fleetain\TestData\Vehicale Inspection.xlsx
2019-05-28 22:57:50 INFO  ExcelSheetRead:62 - Creating excel object:-D:\FleetainWorkSpace\FleetainProduct\src\main\java\com\fleetain\TestData\Vehicale Inspection.xlsx
2019-05-28 22:57:50 INFO  ExcelSheetRead:62 - Creating excel object:-D:\FleetainWorkSpace\FleetainProduct\src\main\java\com\fleetain\TestData\Vehicale Inspection.xlsx
2019-05-28 23:00:13 INFO  TestBase:51 - Launching Chrome Broweser 
2019-05-28 23:01:48 INFO  TestBase:51 - Launching Chrome Broweser 
2019-05-28 23:06:28 INFO  TestBase:51 - Launching Chrome Broweser 
2019-05-28 23:06:45 INFO  TestBase:70 - Launching The product URL
2019-05-28 23:07:08 INFO  ExcelSheetRead:62 - Creating excel object:-D:\FleetainWorkSpace\FleetainProduct\src\main\java\com\fleetain\TestData\Vehicale Inspection.xlsx
2019-05-28 23:07:21 INFO  ExcelSheetRead:62 - Creating excel object:-D:\FleetainWorkSpace\FleetainProduct\src\main\java\com\fleetain\TestData\Vehicale Inspection.xlsx
2019-05-28 23:07:34 INFO  ExcelSheetRead:62 - Creating excel object:-D:\FleetainWorkSpace\FleetainProduct\src\main\java\com\fleetain\TestData\Vehicale Inspection.xlsx
2019-05-28 23:29:42 INFO  TestBase:51 - Launching Chrome Broweser 
2019-05-28 23:30:29 INFO  TestBase:70 - Launching The product URL
2019-05-28 23:31:20 INFO  ExcelSheetRead:62 - Creating excel object:-D:\FleetainWorkSpace\FleetainProduct\src\main\java\com\fleetain\TestData\Vehicale Inspection.xlsx
2019-05-28 23:31:37 INFO  ExcelSheetRead:62 - Creating excel object:-D:\FleetainWorkSpace\FleetainProduct\src\main\java\com\fleetain\TestData\Vehicale Inspection.xlsx
2019-05-28 23:31:50 INFO  ExcelSheetRead:62 - Creating excel object:-D:\FleetainWorkSpace\FleetainProduct\src\main\java\com\fleetain\TestData\Vehicale Inspection.xlsx
2019-05-28 23:33:47 INFO  TestBase:51 - Launching Chrome Broweser 
2019-05-28 23:35:14 INFO  TestBase:51 - Launching Chrome Broweser 
2019-05-28 23:35:55 INFO  TestBase:70 - Launching The product URL
2019-05-28 23:36:11 INFO  ExcelSheetRead:62 - Creating excel object:-D:\FleetainWorkSpace\FleetainProduct\src\main\java\com\fleetain\TestData\Vehicale Inspection.xlsx
2019-05-28 23:36:22 INFO  ExcelSheetRead:62 - Creating excel object:-D:\FleetainWorkSpace\FleetainProduct\src\main\java\com\fleetain\TestData\Vehicale Inspection.xlsx
2019-05-28 23:36:24 INFO  ExcelSheetRead:62 - Creating excel object:-D:\FleetainWorkSpace\FleetainProduct\src\main\java\com\fleetain\TestData\Vehicale Inspection.xlsx
2019-05-28 23:49:33 INFO  TestBase:51 - Launching Chrome Broweser 
2019-05-28 23:49:50 INFO  TestBase:70 - Launching The product URL
2019-05-28 23:50:07 INFO  ExcelSheetRead:62 - Creating excel object:-D:\FleetainWorkSpace\FleetainProduct\src\main\java\com\fleetain\TestData\Vehicale Inspection.xlsx
2019-05-28 23:50:34 INFO  ExcelSheetRead:62 - Creating excel object:-D:\FleetainWorkSpace\FleetainProduct\src\main\java\com\fleetain\TestData\Vehicale Inspection.xlsx
2019-05-28 23:50:37 INFO  ExcelSheetRead:62 - Creating excel object:-D:\FleetainWorkSpace\FleetainProduct\src\main\java\com\fleetain\TestData\Vehicale Inspection.xlsx
2019-05-29 01:31:43 INFO  TestBase:51 - Launching Chrome Broweser 
2019-05-29 01:32:05 INFO  TestBase:70 - Launching The product URL
2019-05-29 01:32:20 INFO  ExcelSheetRead:62 - Creating excel object:-D:\FleetainWorkSpace\FleetainProduct\src\main\java\com\fleetain\TestData\Vehicale Inspection.xlsx
2019-05-29 01:32:32 INFO  ExcelSheetRead:62 - Creating excel object:-D:\FleetainWorkSpace\FleetainProduct\src\main\java\com\fleetain\TestData\Vehicale Inspection.xlsx
2019-05-29 01:32:32 INFO  ExcelSheetRead:62 - Creating excel object:-D:\FleetainWorkSpace\FleetainProduct\src\main\java\com\fleetain\TestData\Vehicale Inspection.xlsx
2019-05-29 01:32:32 INFO  ExcelSheetRead:62 - Creating excel object:-D:\FleetainWorkSpace\FleetainProduct\src\main\java\com\fleetain\TestData\Vehicale Inspection.xlsx
2019-05-29 01:32:36 INFO  ExcelSheetRead:62 - Creating excel object:-D:\FleetainWorkSpace\FleetainProduct\src\main\java\com\fleetain\TestData\Vehicale Inspection.xlsx
2019-05-29 01:37:07 INFO  TestBase:51 - Launching Chrome Broweser 
2019-05-29 01:37:24 INFO  TestBase:70 - Launching The product URL
2019-05-29 01:37:39 INFO  ExcelSheetRead:62 - Creating excel object:-D:\FleetainWorkSpace\FleetainProduct\src\main\java\com\fleetain\TestData\Vehicale Inspection.xlsx
2019-05-29 01:37:50 INFO  ExcelSheetRead:62 - Creating excel object:-D:\FleetainWorkSpace\FleetainProduct\src\main\java\com\fleetain\TestData\Vehicale Inspection.xlsx
2019-05-29 01:37:55 INFO  ExcelSheetRead:62 - Creating excel object:-D:\FleetainWorkSpace\FleetainProduct\src\main\java\com\fleetain\TestData\Vehicale Inspection.xlsx
2019-05-29 01:37:55 INFO  ExcelSheetRead:62 - Creating excel object:-D:\FleetainWorkSpace\FleetainProduct\src\main\java\com\fleetain\TestData\Vehicale Inspection.xlsx
2019-05-29 01:37:55 INFO  ExcelSheetRead:62 - Creating excel object:-D:\FleetainWorkSpace\FleetainProduct\src\main\java\com\fleetain\TestData\Vehicale Inspection.xlsx
2019-05-29 01:38:49 INFO  TestBase:51 - Launching Chrome Broweser 
2019-05-29 01:39:02 INFO  TestBase:70 - Launching The product URL
2019-05-29 01:39:27 INFO  ExcelSheetRead:62 - Creating excel object:-D:\FleetainWorkSpace\FleetainProduct\src\main\java\com\fleetain\TestData\Vehicale Inspection.xlsx
2019-05-29 01:39:38 INFO  ExcelSheetRead:62 - Creating excel object:-D:\FleetainWorkSpace\FleetainProduct\src\main\java\com\fleetain\TestData\Vehicale Inspection.xlsx
2019-05-29 01:39:43 INFO  ExcelSheetRead:62 - Creating excel object:-D:\FleetainWorkSpace\FleetainProduct\src\main\java\com\fleetain\TestData\Vehicale Inspection.xlsx
2019-05-29 01:39:46 INFO  ExcelSheetRead:62 - Creating excel object:-D:\FleetainWorkSpace\FleetainProduct\src\main\java\com\fleetain\TestData\Vehicale Inspection.xlsx
2019-05-29 01:39:46 INFO  ExcelSheetRead:62 - Creating excel object:-D:\FleetainWorkSpace\FleetainProduct\src\main\java\com\fleetain\TestData\Vehicale Inspection.xlsx
2019-05-29 01:44:02 INFO  TestBase:51 - Launching Chrome Broweser 
2019-05-29 01:45:11 INFO  TestBase:51 - Launching Chrome Broweser 
2019-05-29 01:45:23 INFO  TestBase:70 - Launching The product URL
2019-05-29 01:45:38 INFO  ExcelSheetRead:62 - Creating excel object:-D:\FleetainWorkSpace\FleetainProduct\src\main\java\com\fleetain\TestData\Vehicale Inspection.xlsx
2019-05-29 01:45:49 INFO  ExcelSheetRead:62 - Creating excel object:-D:\FleetainWorkSpace\FleetainProduct\src\main\java\com\fleetain\TestData\Vehicale Inspection.xlsx
2019-05-29 01:45:53 INFO  ExcelSheetRead:62 - Creating excel object:-D:\FleetainWorkSpace\FleetainProduct\src\main\java\com\fleetain\TestData\Vehicale Inspection.xlsx
2019-05-29 01:45:57 INFO  ExcelSheetRead:62 - Creating excel object:-D:\FleetainWorkSpace\FleetainProduct\src\main\java\com\fleetain\TestData\Vehicale Inspection.xlsx
2019-05-29 01:45:57 INFO  ExcelSheetRead:62 - Creating excel object:-D:\FleetainWorkSpace\FleetainProduct\src\main\java\com\fleetain\TestData\Vehicale Inspection.xlsx
2019-05-29 01:50:13 INFO  TestBase:51 - Launching Chrome Broweser 
2019-05-29 01:50:39 INFO  TestBase:70 - Launching The product URL
2019-05-29 01:50:55 INFO  ExcelSheetRead:62 - Creating excel object:-D:\FleetainWorkSpace\FleetainProduct\src\main\java\com\fleetain\TestData\Vehicale Inspection.xlsx
2019-05-29 01:51:06 INFO  ExcelSheetRead:62 - Creating excel object:-D:\FleetainWorkSpace\FleetainProduct\src\main\java\com\fleetain\TestData\Vehicale Inspection.xlsx
2019-05-29 01:51:11 INFO  ExcelSheetRead:62 - Creating excel object:-D:\FleetainWorkSpace\FleetainProduct\src\main\java\com\fleetain\TestData\Vehicale Inspection.xlsx
2019-05-29 01:51:14 INFO  ExcelSheetRead:62 - Creating excel object:-D:\FleetainWorkSpace\FleetainProduct\src\main\java\com\fleetain\TestData\Vehicale Inspection.xlsx
2019-05-29 01:51:15 INFO  ExcelSheetRead:62 - Creating excel object:-D:\FleetainWorkSpace\FleetainProduct\src\main\java\com\fleetain\TestData\Vehicale Inspection.xlsx
2019-05-29 01:54:41 INFO  TestBase:51 - Launching Chrome Broweser 
2019-05-29 01:54:52 INFO  TestBase:70 - Launching The product URL
2019-05-29 01:55:07 INFO  ExcelSheetRead:62 - Creating excel object:-D:\FleetainWorkSpace\FleetainProduct\src\main\java\com\fleetain\TestData\Vehicale Inspection.xlsx
2019-05-29 01:55:22 INFO  ExcelSheetRead:62 - Creating excel object:-D:\FleetainWorkSpace\FleetainProduct\src\main\java\com\fleetain\TestData\Vehicale Inspection.xlsx
2019-05-29 01:55:26 INFO  ExcelSheetRead:62 - Creating excel object:-D:\FleetainWorkSpace\FleetainProduct\src\main\java\com\fleetain\TestData\Vehicale Inspection.xlsx
2019-05-29 01:55:30 INFO  ExcelSheetRead:62 - Creating excel object:-D:\FleetainWorkSpace\FleetainProduct\src\main\java\com\fleetain\TestData\Vehicale Inspection.xlsx
2019-05-29 01:55:30 INFO  ExcelSheetRead:62 - Creating excel object:-D:\FleetainWorkSpace\FleetainProduct\src\main\java\com\fleetain\TestData\Vehicale Inspection.xlsx
2019-05-29 01:57:16 INFO  TestBase:51 - Launching Chrome Broweser 
2019-05-29 01:57:29 INFO  TestBase:70 - Launching The product URL
2019-05-29 01:57:51 INFO  ExcelSheetRead:62 - Creating excel object:-D:\FleetainWorkSpace\FleetainProduct\src\main\java\com\fleetain\TestData\Vehicale Inspection.xlsx
2019-05-29 01:58:02 INFO  ExcelSheetRead:62 - Creating excel object:-D:\FleetainWorkSpace\FleetainProduct\src\main\java\com\fleetain\TestData\Vehicale Inspection.xlsx
2019-05-29 01:58:06 INFO  ExcelSheetRead:62 - Creating excel object:-D:\FleetainWorkSpace\FleetainProduct\src\main\java\com\fleetain\TestData\Vehicale Inspection.xlsx
2019-05-29 01:58:10 INFO  ExcelSheetRead:62 - Creating excel object:-D:\FleetainWorkSpace\FleetainProduct\src\main\java\com\fleetain\TestData\Vehicale Inspection.xlsx
2019-05-29 01:58:13 INFO  ExcelSheetRead:62 - Creating excel object:-D:\FleetainWorkSpace\FleetainProduct\src\main\java\com\fleetain\TestData\Vehicale Inspection.xlsx
2019-05-29 02:00:25 INFO  TestBase:51 - Launching Chrome Broweser 
2019-05-29 02:00:45 INFO  TestBase:70 - Launching The product URL
2019-05-29 02:01:16 INFO  ExcelSheetRead:62 - Creating excel object:-D:\FleetainWorkSpace\FleetainProduct\src\main\java\com\fleetain\TestData\Vehicale Inspection.xlsx
2019-05-29 02:01:27 INFO  ExcelSheetRead:62 - Creating excel object:-D:\FleetainWorkSpace\FleetainProduct\src\main\java\com\fleetain\TestData\Vehicale Inspection.xlsx
2019-05-29 02:01:31 INFO  ExcelSheetRead:62 - Creating excel object:-D:\FleetainWorkSpace\FleetainProduct\src\main\java\com\fleetain\TestData\Vehicale Inspection.xlsx
2019-05-29 02:01:34 INFO  ExcelSheetRead:62 - Creating excel object:-D:\FleetainWorkSpace\FleetainProduct\src\main\java\com\fleetain\TestData\Vehicale Inspection.xlsx
2019-05-29 02:01:37 INFO  ExcelSheetRead:62 - Creating excel object:-D:\FleetainWorkSpace\FleetainProduct\src\main\java\com\fleetain\TestData\Vehicale Inspection.xlsx
2019-05-29 02:25:38 INFO  TestBase:51 - Launching Chrome Broweser 
2019-05-29 02:25:52 INFO  TestBase:70 - Launching The product URL
2019-05-29 02:26:05 INFO  ExcelSheetRead:62 - Creating excel object:-D:\FleetainWorkSpace\FleetainProduct\src\main\java\com\fleetain\TestData\Vehicale Inspection.xlsx
2019-05-29 02:26:16 INFO  ExcelSheetRead:62 - Creating excel object:-D:\FleetainWorkSpace\FleetainProduct\src\main\java\com\fleetain\TestData\Vehicale Inspection.xlsx
2019-05-29 02:26:21 INFO  ExcelSheetRead:62 - Creating excel object:-D:\FleetainWorkSpace\FleetainProduct\src\main\java\com\fleetain\TestData\Vehicale Inspection.xlsx
2019-05-29 02:26:25 INFO  ExcelSheetRead:62 - Creating excel object:-D:\FleetainWorkSpace\FleetainProduct\src\main\java\com\fleetain\TestData\Vehicale Inspection.xlsx
2019-05-29 02:26:26 INFO  ExcelSheetRead:62 - Creating excel object:-D:\FleetainWorkSpace\FleetainProduct\src\main\java\com\fleetain\TestData\Vehicale Inspection.xlsx
2019-05-29 02:32:07 INFO  TestBase:51 - Launching Chrome Broweser 
2019-05-29 02:32:21 INFO  TestBase:70 - Launching The product URL
2019-05-29 02:32:38 INFO  ExcelSheetRead:62 - Creating excel object:-D:\FleetainWorkSpace\FleetainProduct\src\main\java\com\fleetain\TestData\Vehicale Inspection.xlsx
2019-05-29 02:32:49 INFO  ExcelSheetRead:62 - Creating excel object:-D:\FleetainWorkSpace\FleetainProduct\src\main\java\com\fleetain\TestData\Vehicale Inspection.xlsx
2019-05-29 02:32:54 INFO  ExcelSheetRead:62 - Creating excel object:-D:\FleetainWorkSpace\FleetainProduct\src\main\java\com\fleetain\TestData\Vehicale Inspection.xlsx
2019-05-29 02:32:57 INFO  ExcelSheetRead:62 - Creating excel object:-D:\FleetainWorkSpace\FleetainProduct\src\main\java\com\fleetain\TestData\Vehicale Inspection.xlsx
2019-05-29 02:33:00 INFO  ExcelSheetRead:62 - Creating excel object:-D:\FleetainWorkSpace\FleetainProduct\src\main\java\com\fleetain\TestData\Vehicale Inspection.xlsx
2019-05-29 02:37:47 INFO  TestBase:51 - Launching Chrome Broweser 
2019-05-29 02:38:05 INFO  TestBase:70 - Launching The product URL
2019-05-29 02:38:29 INFO  ExcelSheetRead:62 - Creating excel object:-D:\FleetainWorkSpace\FleetainProduct\src\main\java\com\fleetain\TestData\Vehicale Inspection.xlsx
2019-05-29 02:38:41 INFO  ExcelSheetRead:62 - Creating excel object:-D:\FleetainWorkSpace\FleetainProduct\src\main\java\com\fleetain\TestData\Vehicale Inspection.xlsx
2019-05-29 02:38:46 INFO  ExcelSheetRead:62 - Creating excel object:-D:\FleetainWorkSpace\FleetainProduct\src\main\java\com\fleetain\TestData\Vehicale Inspection.xlsx
2019-05-29 02:38:51 INFO  ExcelSheetRead:62 - Creating excel object:-D:\FleetainWorkSpace\FleetainProduct\src\main\java\com\fleetain\TestData\Vehicale Inspection.xlsx
2019-05-29 02:38:55 INFO  ExcelSheetRead:62 - Creating excel object:-D:\FleetainWorkSpace\FleetainProduct\src\main\java\com\fleetain\TestData\Vehicale Inspection.xlsx
2019-05-29 02:41:04 INFO  TestBase:51 - Launching Chrome Broweser 
2019-05-29 02:41:23 INFO  TestBase:70 - Launching The product URL
2019-05-29 02:41:55 INFO  ExcelSheetRead:62 - Creating excel object:-D:\FleetainWorkSpace\FleetainProduct\src\main\java\com\fleetain\TestData\Vehicale Inspection.xlsx
2019-05-29 02:42:06 INFO  ExcelSheetRead:62 - Creating excel object:-D:\FleetainWorkSpace\FleetainProduct\src\main\java\com\fleetain\TestData\Vehicale Inspection.xlsx
2019-05-29 02:42:10 INFO  ExcelSheetRead:62 - Creating excel object:-D:\FleetainWorkSpace\FleetainProduct\src\main\java\com\fleetain\TestData\Vehicale Inspection.xlsx
2019-05-29 02:42:14 INFO  ExcelSheetRead:62 - Creating excel object:-D:\FleetainWorkSpace\FleetainProduct\src\main\java\com\fleetain\TestData\Vehicale Inspection.xlsx
2019-05-29 02:42:17 INFO  ExcelSheetRead:62 - Creating excel object:-D:\FleetainWorkSpace\FleetainProduct\src\main\java\com\fleetain\TestData\Vehicale Inspection.xlsx
2019-05-29 02:43:55 INFO  TestBase:51 - Launching Chrome Broweser 
2019-05-29 02:44:08 INFO  TestBase:70 - Launching The product URL
2019-05-29 02:45:02 INFO  ExcelSheetRead:62 - Creating excel object:-D:\FleetainWorkSpace\FleetainProduct\src\main\java\com\fleetain\TestData\Vehicale Inspection.xlsx
2019-05-29 02:45:16 INFO  ExcelSheetRead:62 - Creating excel object:-D:\FleetainWorkSpace\FleetainProduct\src\main\java\com\fleetain\TestData\Vehicale Inspection.xlsx
2019-05-29 02:45:21 INFO  ExcelSheetRead:62 - Creating excel object:-D:\FleetainWorkSpace\FleetainProduct\src\main\java\com\fleetain\TestData\Vehicale Inspection.xlsx
2019-05-29 02:45:24 INFO  ExcelSheetRead:62 - Creating excel object:-D:\FleetainWorkSpace\FleetainProduct\src\main\java\com\fleetain\TestData\Vehicale Inspection.xlsx
2019-05-29 02:45:27 INFO  ExcelSheetRead:62 - Creating excel object:-D:\FleetainWorkSpace\FleetainProduct\src\main\java\com\fleetain\TestData\Vehicale Inspection.xlsx
2019-05-29 02:45:39 INFO  ExcelSheetRead:62 - Creating excel object:-D:\FleetainWorkSpace\FleetainProduct\src\main\java\com\fleetain\TestData\Vehicale Inspection.xlsx
2019-05-29 02:48:50 INFO  TestBase:51 - Launching Chrome Broweser 
2019-05-29 02:49:04 INFO  TestBase:70 - Launching The product URL
2019-05-29 02:49:37 INFO  ExcelSheetRead:62 - Creating excel object:-D:\FleetainWorkSpace\FleetainProduct\src\main\java\com\fleetain\TestData\Vehicale Inspection.xlsx
2019-05-29 02:49:48 INFO  ExcelSheetRead:62 - Creating excel object:-D:\FleetainWorkSpace\FleetainProduct\src\main\java\com\fleetain\TestData\Vehicale Inspection.xlsx
2019-05-29 02:49:52 INFO  ExcelSheetRead:62 - Creating excel object:-D:\FleetainWorkSpace\FleetainProduct\src\main\java\com\fleetain\TestData\Vehicale Inspection.xlsx
2019-05-29 02:49:56 INFO  ExcelSheetRead:62 - Creating excel object:-D:\FleetainWorkSpace\FleetainProduct\src\main\java\com\fleetain\TestData\Vehicale Inspection.xlsx
2019-05-29 02:49:59 INFO  ExcelSheetRead:62 - Creating excel object:-D:\FleetainWorkSpace\FleetainProduct\src\main\java\com\fleetain\TestData\Vehicale Inspection.xlsx
2019-05-29 02:50:10 INFO  ExcelSheetRead:62 - Creating excel object:-D:\FleetainWorkSpace\FleetainProduct\src\main\java\com\fleetain\TestData\Vehicale Inspection.xlsx
2019-05-29 02:55:32 INFO  TestBase:51 - Launching Chrome Broweser 
2019-05-29 02:55:50 INFO  TestBase:70 - Launching The product URL
2019-05-29 02:56:10 INFO  ExcelSheetRead:62 - Creating excel object:-D:\FleetainWorkSpace\FleetainProduct\src\main\java\com\fleetain\TestData\Vehicale Inspection.xlsx
2019-05-29 02:56:29 INFO  ExcelSheetRead:62 - Creating excel object:-D:\FleetainWorkSpace\FleetainProduct\src\main\java\com\fleetain\TestData\Vehicale Inspection.xlsx
2019-05-29 02:56:33 INFO  ExcelSheetRead:62 - Creating excel object:-D:\FleetainWorkSpace\FleetainProduct\src\main\java\com\fleetain\TestData\Vehicale Inspection.xlsx
2019-05-29 02:56:37 INFO  ExcelSheetRead:62 - Creating excel object:-D:\FleetainWorkSpace\FleetainProduct\src\main\java\com\fleetain\TestData\Vehicale Inspection.xlsx
2019-05-29 02:56:40 INFO  ExcelSheetRead:62 - Creating excel object:-D:\FleetainWorkSpace\FleetainProduct\src\main\java\com\fleetain\TestData\Vehicale Inspection.xlsx
2019-05-29 03:00:44 INFO  TestBase:51 - Launching Chrome Broweser 
2019-05-29 03:00:56 INFO  TestBase:70 - Launching The product URL
2019-05-29 03:01:09 INFO  ExcelSheetRead:62 - Creating excel object:-D:\FleetainWorkSpace\FleetainProduct\src\main\java\com\fleetain\TestData\Vehicale Inspection.xlsx
2019-05-29 03:01:20 INFO  ExcelSheetRead:62 - Creating excel object:-D:\FleetainWorkSpace\FleetainProduct\src\main\java\com\fleetain\TestData\Vehicale Inspection.xlsx
2019-05-29 03:01:24 INFO  ExcelSheetRead:62 - Creating excel object:-D:\FleetainWorkSpace\FleetainProduct\src\main\java\com\fleetain\TestData\Vehicale Inspection.xlsx
2019-05-29 03:01:28 INFO  ExcelSheetRead:62 - Creating excel object:-D:\FleetainWorkSpace\FleetainProduct\src\main\java\com\fleetain\TestData\Vehicale Inspection.xlsx
2019-05-29 03:01:31 INFO  ExcelSheetRead:62 - Creating excel object:-D:\FleetainWorkSpace\FleetainProduct\src\main\java\com\fleetain\TestData\Vehicale Inspection.xlsx
2019-05-29 03:08:12 INFO  TestBase:51 - Launching Chrome Broweser 
2019-05-29 03:08:28 INFO  TestBase:70 - Launching The product URL
2019-05-29 03:08:48 INFO  ExcelSheetRead:62 - Creating excel object:-D:\FleetainWorkSpace\FleetainProduct\src\main\java\com\fleetain\TestData\Vehicale Inspection.xlsx
2019-05-29 03:09:02 INFO  ExcelSheetRead:62 - Creating excel object:-D:\FleetainWorkSpace\FleetainProduct\src\main\java\com\fleetain\TestData\Vehicale Inspection.xlsx
2019-05-29 03:09:06 INFO  ExcelSheetRead:62 - Creating excel object:-D:\FleetainWorkSpace\FleetainProduct\src\main\java\com\fleetain\TestData\Vehicale Inspection.xlsx
2019-05-29 03:09:10 INFO  ExcelSheetRead:62 - Creating excel object:-D:\FleetainWorkSpace\FleetainProduct\src\main\java\com\fleetain\TestData\Vehicale Inspection.xlsx
2019-05-29 03:09:13 INFO  ExcelSheetRead:62 - Creating excel object:-D:\FleetainWorkSpace\FleetainProduct\src\main\java\com\fleetain\TestData\Vehicale Inspection.xlsx
2019-05-29 10:02:57 INFO  TestBase:51 - Launching Chrome Broweser 
2019-05-29 10:03:09 INFO  TestBase:70 - Launching The product URL
2019-05-29 10:03:21 INFO  ExcelSheetRead:62 - Creating excel object:-D:\FleetainWorkSpace\FleetainProduct\src\main\java\com\fleetain\TestData\Vehicale Inspection.xlsx
2019-05-29 10:03:30 INFO  ExcelSheetRead:62 - Creating excel object:-D:\FleetainWorkSpace\FleetainProduct\src\main\java\com\fleetain\TestData\Vehicale Inspection.xlsx
2019-05-29 10:03:33 INFO  ExcelSheetRead:62 - Creating excel object:-D:\FleetainWorkSpace\FleetainProduct\src\main\java\com\fleetain\TestData\Vehicale Inspection.xlsx
2019-05-29 10:03:36 INFO  ExcelSheetRead:62 - Creating excel object:-D:\FleetainWorkSpace\FleetainProduct\src\main\java\com\fleetain\TestData\Vehicale Inspection.xlsx
2019-05-29 10:03:39 INFO  ExcelSheetRead:62 - Creating excel object:-D:\FleetainWorkSpace\FleetainProduct\src\main\java\com\fleetain\TestData\Vehicale Inspection.xlsx
2019-05-29 10:09:35 INFO  TestBase:51 - Launching Chrome Broweser 
2019-05-29 10:09:51 INFO  TestBase:70 - Launching The product URL
2019-05-29 10:10:04 INFO  ExcelSheetRead:62 - Creating excel object:-D:\FleetainWorkSpace\FleetainProduct\src\main\java\com\fleetain\TestData\Vehicale Inspection.xlsx
2019-05-29 10:10:14 INFO  ExcelSheetRead:62 - Creating excel object:-D:\FleetainWorkSpace\FleetainProduct\src\main\java\com\fleetain\TestData\Vehicale Inspection.xlsx
2019-05-29 10:10:17 INFO  ExcelSheetRead:62 - Creating excel object:-D:\FleetainWorkSpace\FleetainProduct\src\main\java\com\fleetain\TestData\Vehicale Inspection.xlsx
2019-05-29 10:10:20 INFO  ExcelSheetRead:62 - Creating excel object:-D:\FleetainWorkSpace\FleetainProduct\src\main\java\com\fleetain\TestData\Vehicale Inspection.xlsx
2019-05-29 10:10:23 INFO  ExcelSheetRead:62 - Creating excel object:-D:\FleetainWorkSpace\FleetainProduct\src\main\java\com\fleetain\TestData\Vehicale Inspection.xlsx
2019-05-29 12:09:00 INFO  TestBase:51 - Launching Chrome Broweser 
2019-05-29 12:09:18 INFO  TestBase:70 - Launching The product URL
2019-05-29 12:09:37 INFO  ExcelSheetRead:62 - Creating excel object:-D:\FleetainWorkSpace\FleetainProduct\src\main\java\com\fleetain\TestData\Vehicale Inspection.xlsx
2019-05-29 12:09:50 INFO  ExcelSheetRead:62 - Creating excel object:-D:\FleetainWorkSpace\FleetainProduct\src\main\java\com\fleetain\TestData\Vehicale Inspection.xlsx
2019-05-29 12:09:53 INFO  ExcelSheetRead:62 - Creating excel object:-D:\FleetainWorkSpace\FleetainProduct\src\main\java\com\fleetain\TestData\Vehicale Inspection.xlsx
2019-05-29 12:09:56 INFO  ExcelSheetRead:62 - Creating excel object:-D:\FleetainWorkSpace\FleetainProduct\src\main\java\com\fleetain\TestData\Vehicale Inspection.xlsx
2019-05-29 12:09:58 INFO  ExcelSheetRead:62 - Creating excel object:-D:\FleetainWorkSpace\FleetainProduct\src\main\java\com\fleetain\TestData\Vehicale Inspection.xlsx
2019-05-29 12:30:36 INFO  TestBase:51 - Launching Chrome Broweser 
2019-05-29 12:30:50 INFO  TestBase:70 - Launching The product URL
2019-05-29 12:31:07 INFO  ExcelSheetRead:62 - Creating excel object:-D:\FleetainWorkSpace\FleetainProduct\src\main\java\com\fleetain\TestData\Vehicale Inspection.xlsx
2019-05-29 12:31:22 INFO  ExcelSheetRead:62 - Creating excel object:-D:\FleetainWorkSpace\FleetainProduct\src\main\java\com\fleetain\TestData\Vehicale Inspection.xlsx
2019-05-29 12:31:26 INFO  ExcelSheetRead:62 - Creating excel object:-D:\FleetainWorkSpace\FleetainProduct\src\main\java\com\fleetain\TestData\Vehicale Inspection.xlsx
2019-05-29 12:31:29 INFO  ExcelSheetRead:62 - Creating excel object:-D:\FleetainWorkSpace\FleetainProduct\src\main\java\com\fleetain\TestData\Vehicale Inspection.xlsx
2019-05-29 12:31:31 INFO  ExcelSheetRead:62 - Creating excel object:-D:\FleetainWorkSpace\FleetainProduct\src\main\java\com\fleetain\TestData\Vehicale Inspection.xlsx
2019-05-29 12:48:40 INFO  TestBase:51 - Launching Chrome Broweser 
2019-05-29 12:49:03 INFO  TestBase:70 - Launching The product URL
2019-05-29 12:49:21 INFO  ExcelSheetRead:62 - Creating excel object:-D:\FleetainWorkSpace\FleetainProduct\src\main\java\com\fleetain\TestData\Vehicale Inspection.xlsx
2019-05-29 12:49:40 INFO  ExcelSheetRead:62 - Creating excel object:-D:\FleetainWorkSpace\FleetainProduct\src\main\java\com\fleetain\TestData\Vehicale Inspection.xlsx
2019-05-29 12:49:43 INFO  ExcelSheetRead:62 - Creating excel object:-D:\FleetainWorkSpace\FleetainProduct\src\main\java\com\fleetain\TestData\Vehicale Inspection.xlsx
2019-05-29 12:49:46 INFO  ExcelSheetRead:62 - Creating excel object:-D:\FleetainWorkSpace\FleetainProduct\src\main\java\com\fleetain\TestData\Vehicale Inspection.xlsx
2019-05-29 12:49:49 INFO  ExcelSheetRead:62 - Creating excel object:-D:\FleetainWorkSpace\FleetainProduct\src\main\java\com\fleetain\TestData\Vehicale Inspection.xlsx
2019-05-29 12:53:55 INFO  TestBase:51 - Launching Chrome Broweser 
2019-05-29 12:54:14 INFO  TestBase:70 - Launching The product URL
2019-05-29 12:54:30 INFO  ExcelSheetRead:62 - Creating excel object:-D:\FleetainWorkSpace\FleetainProduct\src\main\java\com\fleetain\TestData\Vehicale Inspection.xlsx
2019-05-29 12:54:46 INFO  ExcelSheetRead:62 - Creating excel object:-D:\FleetainWorkSpace\FleetainProduct\src\main\java\com\fleetain\TestData\Vehicale Inspection.xlsx
2019-05-29 12:54:49 INFO  ExcelSheetRead:62 - Creating excel object:-D:\FleetainWorkSpace\FleetainProduct\src\main\java\com\fleetain\TestData\Vehicale Inspection.xlsx
2019-05-29 12:54:52 INFO  ExcelSheetRead:62 - Creating excel object:-D:\FleetainWorkSpace\FleetainProduct\src\main\java\com\fleetain\TestData\Vehicale Inspection.xlsx
2019-05-29 12:54:54 INFO  ExcelSheetRead:62 - Creating excel object:-D:\FleetainWorkSpace\FleetainProduct\src\main\java\com\fleetain\TestData\Vehicale Inspection.xlsx
2019-05-29 13:13:09 INFO  TestBase:51 - Launching Chrome Broweser 
2019-05-29 13:13:29 INFO  TestBase:70 - Launching The product URL
2019-05-29 13:13:45 INFO  ExcelSheetRead:62 - Creating excel object:-D:\FleetainWorkSpace\FleetainProduct\src\main\java\com\fleetain\TestData\Vehicale Inspection.xlsx
2019-05-29 13:13:55 INFO  ExcelSheetRead:62 - Creating excel object:-D:\FleetainWorkSpace\FleetainProduct\src\main\java\com\fleetain\TestData\Vehicale Inspection.xlsx
2019-05-29 13:13:58 INFO  ExcelSheetRead:62 - Creating excel object:-D:\FleetainWorkSpace\FleetainProduct\src\main\java\com\fleetain\TestData\Vehicale Inspection.xlsx
2019-05-29 13:14:01 INFO  ExcelSheetRead:62 - Creating excel object:-D:\FleetainWorkSpace\FleetainProduct\src\main\java\com\fleetain\TestData\Vehicale Inspection.xlsx
2019-05-29 13:14:03 INFO  ExcelSheetRead:62 - Creating excel object:-D:\FleetainWorkSpace\FleetainProduct\src\main\java\com\fleetain\TestData\Vehicale Inspection.xlsx
2019-05-29 13:22:43 INFO  TestBase:51 - Launching Chrome Broweser 
2019-05-29 13:22:55 INFO  TestBase:70 - Launching The product URL
2019-05-29 13:23:12 INFO  ExcelSheetRead:62 - Creating excel object:-D:\FleetainWorkSpace\FleetainProduct\src\main\java\com\fleetain\TestData\Vehicale Inspection.xlsx
2019-05-29 13:23:28 INFO  ExcelSheetRead:62 - Creating excel object:-D:\FleetainWorkSpace\FleetainProduct\src\main\java\com\fleetain\TestData\Vehicale Inspection.xlsx
2019-05-29 13:23:31 INFO  ExcelSheetRead:62 - Creating excel object:-D:\FleetainWorkSpace\FleetainProduct\src\main\java\com\fleetain\TestData\Vehicale Inspection.xlsx
2019-05-29 13:23:34 INFO  ExcelSheetRead:62 - Creating excel object:-D:\FleetainWorkSpace\FleetainProduct\src\main\java\com\fleetain\TestData\Vehicale Inspection.xlsx
2019-05-29 13:23:37 INFO  ExcelSheetRead:62 - Creating excel object:-D:\FleetainWorkSpace\FleetainProduct\src\main\java\com\fleetain\TestData\Vehicale Inspection.xlsx
2019-05-29 13:50:13 INFO  TestBase:51 - Launching Chrome Broweser 
2019-05-29 13:50:32 INFO  TestBase:70 - Launching The product URL
2019-05-29 13:50:48 INFO  ExcelSheetRead:62 - Creating excel object:-D:\FleetainWorkSpace\FleetainProduct\src\main\java\com\fleetain\TestData\Vehicale Inspection.xlsx
2019-05-29 13:51:03 INFO  ExcelSheetRead:62 - Creating excel object:-D:\FleetainWorkSpace\FleetainProduct\src\main\java\com\fleetain\TestData\Vehicale Inspection.xlsx
2019-05-29 13:51:07 INFO  ExcelSheetRead:62 - Creating excel object:-D:\FleetainWorkSpace\FleetainProduct\src\main\java\com\fleetain\TestData\Vehicale Inspection.xlsx
2019-05-29 13:51:10 INFO  ExcelSheetRead:62 - Creating excel object:-D:\FleetainWorkSpace\FleetainProduct\src\main\java\com\fleetain\TestData\Vehicale Inspection.xlsx
2019-05-29 13:51:12 INFO  ExcelSheetRead:62 - Creating excel object:-D:\FleetainWorkSpace\FleetainProduct\src\main\java\com\fleetain\TestData\Vehicale Inspection.xlsx
2019-05-29 15:55:59 INFO  TestBase:51 - Launching Chrome Broweser 
2019-05-29 15:56:20 INFO  TestBase:70 - Launching The product URL
2019-05-29 15:56:34 INFO  ExcelSheetRead:62 - Creating excel object:-D:\FleetainWorkSpace\FleetainProduct\src\main\java\com\fleetain\TestData\Vehicle Inspection Monthly.xlsx
2019-05-29 15:56:48 INFO  ExcelSheetRead:62 - Creating excel object:-D:\FleetainWorkSpace\FleetainProduct\src\main\java\com\fleetain\TestData\Vehicle Inspection Monthly.xlsx
2019-05-29 15:56:51 INFO  ExcelSheetRead:62 - Creating excel object:-D:\FleetainWorkSpace\FleetainProduct\src\main\java\com\fleetain\TestData\Vehicle Inspection Monthly.xlsx
2019-05-29 15:56:54 INFO  ExcelSheetRead:62 - Creating excel object:-D:\FleetainWorkSpace\FleetainProduct\src\main\java\com\fleetain\TestData\Vehicle Inspection Monthly.xlsx
2019-05-29 15:56:54 INFO  ExcelSheetRead:62 - Creating excel object:-D:\FleetainWorkSpace\FleetainProduct\src\main\java\com\fleetain\TestData\Vehicle Inspection Monthly.xlsx
2019-05-29 15:57:03 INFO  ExcelSheetRead:62 - Creating excel object:-D:\FleetainWorkSpace\FleetainProduct\src\main\java\com\fleetain\TestData\Vehicle Inspection Monthly.xlsx
2019-05-29 16:07:27 INFO  TestBase:51 - Launching Chrome Broweser 
2019-05-29 16:07:44 INFO  TestBase:70 - Launching The product URL
2019-05-29 16:07:56 INFO  ExcelSheetRead:62 - Creating excel object:-D:\FleetainWorkSpace\FleetainProduct\src\main\java\com\fleetain\TestData\Vehicle Inspection Monthly.xlsx
2019-05-29 16:08:21 INFO  ExcelSheetRead:62 - Creating excel object:-D:\FleetainWorkSpace\FleetainProduct\src\main\java\com\fleetain\TestData\Vehicle Inspection Monthly.xlsx
2019-05-29 16:08:24 INFO  ExcelSheetRead:62 - Creating excel object:-D:\FleetainWorkSpace\FleetainProduct\src\main\java\com\fleetain\TestData\Vehicle Inspection Monthly.xlsx
2019-05-29 16:08:27 INFO  ExcelSheetRead:62 - Creating excel object:-D:\FleetainWorkSpace\FleetainProduct\src\main\java\com\fleetain\TestData\Vehicle Inspection Monthly.xlsx
2019-05-29 16:08:27 INFO  ExcelSheetRead:62 - Creating excel object:-D:\FleetainWorkSpace\FleetainProduct\src\main\java\com\fleetain\TestData\Vehicle Inspection Monthly.xlsx
2019-05-29 16:16:55 INFO  TestBase:51 - Launching Chrome Broweser 
2019-05-29 16:17:10 INFO  TestBase:70 - Launching The product URL
2019-05-29 16:17:22 INFO  ExcelSheetRead:62 - Creating excel object:-D:\FleetainWorkSpace\FleetainProduct\src\main\java\com\fleetain\TestData\Vehicle Inspection Monthly.xlsx
2019-05-29 16:17:32 INFO  ExcelSheetRead:62 - Creating excel object:-D:\FleetainWorkSpace\FleetainProduct\src\main\java\com\fleetain\TestData\Vehicle Inspection Monthly.xlsx
2019-05-29 16:17:35 INFO  ExcelSheetRead:62 - Creating excel object:-D:\FleetainWorkSpace\FleetainProduct\src\main\java\com\fleetain\TestData\Vehicle Inspection Monthly.xlsx
2019-05-29 16:17:38 INFO  ExcelSheetRead:62 - Creating excel object:-D:\FleetainWorkSpace\FleetainProduct\src\main\java\com\fleetain\TestData\Vehicle Inspection Monthly.xlsx
2019-05-29 16:17:39 INFO  ExcelSheetRead:62 - Creating excel object:-D:\FleetainWorkSpace\FleetainProduct\src\main\java\com\fleetain\TestData\Vehicle Inspection Monthly.xlsx
2019-05-29 16:26:55 INFO  TestBase:51 - Launching Chrome Broweser 
2019-05-29 16:27:08 INFO  TestBase:70 - Launching The product URL
2019-05-29 16:27:15 INFO  ExcelSheetRead:62 - Creating excel object:-D:\FleetainWorkSpace\FleetainProduct\src\main\java\com\fleetain\TestData\Vehicle Inspection Monthly.xlsx
2019-05-29 16:27:25 INFO  ExcelSheetRead:62 - Creating excel object:-D:\FleetainWorkSpace\FleetainProduct\src\main\java\com\fleetain\TestData\Vehicle Inspection Monthly.xlsx
2019-05-29 16:27:28 INFO  ExcelSheetRead:62 - Creating excel object:-D:\FleetainWorkSpace\FleetainProduct\src\main\java\com\fleetain\TestData\Vehicle Inspection Monthly.xlsx
2019-05-29 16:27:31 INFO  ExcelSheetRead:62 - Creating excel object:-D:\FleetainWorkSpace\FleetainProduct\src\main\java\com\fleetain\TestData\Vehicle Inspection Monthly.xlsx
2019-05-29 16:27:34 INFO  ExcelSheetRead:62 - Creating excel object:-D:\FleetainWorkSpace\FleetainProduct\src\main\java\com\fleetain\TestData\Vehicle Inspection Monthly.xlsx
2019-05-29 17:22:18 INFO  TestBase:51 - Launching Chrome Broweser 
2019-05-29 17:22:38 INFO  TestBase:70 - Launching The product URL
2019-05-29 17:22:47 INFO  ExcelSheetRead:62 - Creating excel object:-D:\FleetainWorkSpace\FleetainProduct\src\main\java\com\fleetain\TestData\Vehicle Inspection Monthly.xlsx
2019-05-29 17:23:02 INFO  ExcelSheetRead:62 - Creating excel object:-D:\FleetainWorkSpace\FleetainProduct\src\main\java\com\fleetain\TestData\Vehicle Inspection Monthly.xlsx
2019-05-29 17:23:05 INFO  ExcelSheetRead:62 - Creating excel object:-D:\FleetainWorkSpace\FleetainProduct\src\main\java\com\fleetain\TestData\Vehicle Inspection Monthly.xlsx
2019-05-29 17:23:08 INFO  ExcelSheetRead:62 - Creating excel object:-D:\FleetainWorkSpace\FleetainProduct\src\main\java\com\fleetain\TestData\Vehicle Inspection Monthly.xlsx
2019-05-29 17:23:11 INFO  ExcelSheetRead:62 - Creating excel object:-D:\FleetainWorkSpace\FleetainProduct\src\main\java\com\fleetain\TestData\Vehicle Inspection Monthly.xlsx
2019-05-29 22:45:20 INFO  TestBase:51 - Launching Chrome Broweser 
2019-05-29 22:45:34 INFO  TestBase:70 - Launching The product URL
2019-05-29 22:45:55 INFO  ExcelSheetRead:62 - Creating excel object:-D:\FleetainWorkSpace\FleetainProduct\src\main\java\com\fleetain\TestData\Vehicle Inspection Monthly.xlsx
2019-05-29 22:46:04 INFO  ExcelSheetRead:62 - Creating excel object:-D:\FleetainWorkSpace\FleetainProduct\src\main\java\com\fleetain\TestData\Vehicle Inspection Monthly.xlsx
2019-05-29 22:46:09 INFO  ExcelSheetRead:62 - Creating excel object:-D:\FleetainWorkSpace\FleetainProduct\src\main\java\com\fleetain\TestData\Vehicle Inspection Monthly.xlsx
2019-05-29 22:46:13 INFO  ExcelSheetRead:62 - Creating excel object:-D:\FleetainWorkSpace\FleetainProduct\src\main\java\com\fleetain\TestData\Vehicle Inspection Monthly.xlsx
2019-05-29 22:46:16 INFO  ExcelSheetRead:62 - Creating excel object:-D:\FleetainWorkSpace\FleetainProduct\src\main\java\com\fleetain\TestData\Vehicle Inspection Monthly.xlsx
2019-05-29 23:00:13 INFO  TestBase:51 - Launching Chrome Broweser 
2019-05-29 23:00:31 INFO  TestBase:70 - Launching The product URL
2019-05-29 23:00:44 INFO  ExcelSheetRead:62 - Creating excel object:-D:\FleetainWorkSpace\FleetainProduct\src\main\java\com\fleetain\TestData\Vehicle Inspection Monthly.xlsx
2019-05-29 23:01:12 INFO  ExcelSheetRead:62 - Creating excel object:-D:\FleetainWorkSpace\FleetainProduct\src\main\java\com\fleetain\TestData\Vehicle Inspection Monthly.xlsx
2019-05-29 23:01:17 INFO  ExcelSheetRead:62 - Creating excel object:-D:\FleetainWorkSpace\FleetainProduct\src\main\java\com\fleetain\TestData\Vehicle Inspection Monthly.xlsx
2019-05-29 23:01:21 INFO  ExcelSheetRead:62 - Creating excel object:-D:\FleetainWorkSpace\FleetainProduct\src\main\java\com\fleetain\TestData\Vehicle Inspection Monthly.xlsx
2019-05-29 23:01:25 INFO  ExcelSheetRead:62 - Creating excel object:-D:\FleetainWorkSpace\FleetainProduct\src\main\java\com\fleetain\TestData\Vehicle Inspection Monthly.xlsx
2019-05-29 23:05:05 INFO  TestBase:51 - Launching Chrome Broweser 
2019-05-29 23:05:23 INFO  TestBase:70 - Launching The product URL
2019-05-29 23:05:33 INFO  ExcelSheetRead:62 - Creating excel object:-D:\FleetainWorkSpace\FleetainProduct\src\main\java\com\fleetain\TestData\Vehicle Inspection Monthly.xlsx
2019-05-29 23:05:43 INFO  ExcelSheetRead:62 - Creating excel object:-D:\FleetainWorkSpace\FleetainProduct\src\main\java\com\fleetain\TestData\Vehicle Inspection Monthly.xlsx
2019-05-29 23:05:47 INFO  ExcelSheetRead:62 - Creating excel object:-D:\FleetainWorkSpace\FleetainProduct\src\main\java\com\fleetain\TestData\Vehicle Inspection Monthly.xlsx
2019-05-29 23:05:52 INFO  ExcelSheetRead:62 - Creating excel object:-D:\FleetainWorkSpace\FleetainProduct\src\main\java\com\fleetain\TestData\Vehicle Inspection Monthly.xlsx
2019-05-29 23:05:55 INFO  ExcelSheetRead:62 - Creating excel object:-D:\FleetainWorkSpace\FleetainProduct\src\main\java\com\fleetain\TestData\Vehicle Inspection Monthly.xlsx
2019-05-29 23:29:23 INFO  TestBase:51 - Launching Chrome Broweser 
2019-05-29 23:29:38 INFO  TestBase:70 - Launching The product URL
2019-05-29 23:29:49 INFO  ExcelSheetRead:62 - Creating excel object:-D:\FleetainWorkSpace\FleetainProduct\src\main\java\com\fleetain\TestData\Vehicle Inspection Monthly.xlsx
2019-05-29 23:29:58 INFO  ExcelSheetRead:62 - Creating excel object:-D:\FleetainWorkSpace\FleetainProduct\src\main\java\com\fleetain\TestData\Vehicle Inspection Monthly.xlsx
2019-05-29 23:30:02 INFO  ExcelSheetRead:62 - Creating excel object:-D:\FleetainWorkSpace\FleetainProduct\src\main\java\com\fleetain\TestData\Vehicle Inspection Monthly.xlsx
2019-05-29 23:30:07 INFO  ExcelSheetRead:62 - Creating excel object:-D:\FleetainWorkSpace\FleetainProduct\src\main\java\com\fleetain\TestData\Vehicle Inspection Monthly.xlsx
2019-05-29 23:30:10 INFO  ExcelSheetRead:62 - Creating excel object:-D:\FleetainWorkSpace\FleetainProduct\src\main\java\com\fleetain\TestData\Vehicle Inspection Monthly.xlsx
2019-05-29 23:51:56 INFO  TestBase:51 - Launching Chrome Broweser 
2019-05-29 23:53:06 INFO  TestBase:51 - Launching Chrome Broweser 
2019-05-29 23:53:38 INFO  TestBase:70 - Launching The product URL
2019-05-29 23:56:00 INFO  TestBase:51 - Launching Chrome Broweser 
2019-05-29 23:56:29 INFO  TestBase:70 - Launching The product URL
2019-08-12 17:13:06 INFO  LoginPage:28 - Initialize the Super Constructor
2019-08-12 17:13:46 INFO  TestBase:51 - Launching Chrome Broweser 
2019-08-12 17:14:13 INFO  TestBase:70 - Launching The product URL
2019-08-12 17:14:13 INFO  TestBase:51 - Verify Login Page Title
2019-08-12 17:14:28 INFO  LoginPage:82 - Close Browser
2019-08-12 17:15:36 INFO  LoginPage:82 - Close Browser
2019-08-12 17:15:51 INFO  LoginPage:82 - Close Browser
2019-08-12 17:15:51 INFO  TestBase:73 - Login Succefully And Showing Home Page
2019-08-12 17:17:01 INFO  LoginPage:82 - Close Browser
2019-08-16 21:05:50 INFO  LoginPage:28 - Initialize the Super Constructor
2019-08-16 21:05:50 INFO  HomePageTest:43 - Initialize the Home Page Super Constructor
2019-08-16 21:05:50 INFO  AddVehiclePageTest:35 - Initialize the Super Constructor
2019-08-16 21:06:03 INFO  TestBase:51 - Launching Chrome Broweser 
2019-08-16 21:06:35 INFO  TestBase:70 - Launching The product URL
2019-08-16 21:06:35 INFO  TestBase:51 - Verify Login Page Title
2019-08-16 21:06:50 INFO  LoginPage:82 - Close Browser
2019-08-16 21:06:53 INFO  TestBase:51 - Launching Chrome Broweser 
2019-08-16 21:07:44 INFO  TestBase:70 - Launching The product URL
2019-08-16 21:08:41 INFO  TestBase:51 - Launching Chrome Broweser 
2019-08-16 21:09:16 INFO  TestBase:70 - Launching The product URL
2019-08-16 21:26:13 INFO  LoginPage:28 - Initialize the Super Constructor
2019-08-16 21:26:19 INFO  TestBase:51 - Launching Chrome Broweser 
2019-08-16 21:26:43 INFO  TestBase:70 - Launching The product URL
2019-08-16 21:26:43 INFO  TestBase:51 - Verify Login Page Title
2019-08-16 21:27:26 INFO  TestBase:73 - Login Succefully And Showing Home Page
2019-08-16 21:27:45 INFO  LoginPage:83 - Close Browser
2019-08-16 21:29:21 INFO  LoginPage:28 - Initialize the Super Constructor
2019-08-16 21:29:27 INFO  TestBase:51 - Launching Chrome Broweser 
2019-08-16 21:29:53 INFO  TestBase:70 - Launching The product URL
2019-08-16 21:29:53 INFO  TestBase:51 - Verify Login Page Title
2019-08-16 21:29:54 INFO  TestBase:58 - Enter the Invalid Login
2019-08-16 21:29:55 INFO  TestBase:73 - Login Succefully And Showing Home Page
2019-08-16 21:30:11 INFO  LoginPage:83 - Close Browser
2019-08-16 21:33:59 INFO  LoginPage:28 - Initialize the Super Constructor
2019-08-16 21:34:04 INFO  TestBase:51 - Launching Chrome Broweser 
2019-08-16 21:42:08 INFO  LoginPage:28 - Initialize the Super Constructor
2019-08-16 21:42:14 INFO  TestBase:51 - Launching Chrome Broweser 
2019-08-16 21:42:37 INFO  TestBase:70 - Launching The product URL
2019-08-16 21:42:37 INFO  TestBase:51 - Verify Login Page Title
2019-08-16 21:42:38 INFO  TestBase:58 - Enter the Invalid Login
2019-08-16 21:42:39 INFO  TestBase:73 - Login Succefully And Showing Home Page
2019-08-16 21:42:56 INFO  LoginPage:83 - Close Browser
2019-08-16 21:46:10 INFO  LoginPage:28 - Initialize the Super Constructor
2019-08-16 21:46:16 INFO  TestBase:51 - Launching Chrome Broweser 
2019-08-16 21:46:59 INFO  TestBase:70 - Launching The product URL
2019-08-16 21:46:59 INFO  TestBase:51 - Verify Login Page Title
2019-08-16 21:47:00 INFO  TestBase:58 - Enter the Invalid Login
2019-08-16 21:47:00 INFO  TestBase:73 - Login Succefully And Showing Home Page
2019-08-16 21:47:17 INFO  LoginPage:83 - Close Browser
2019-08-16 21:48:16 INFO  AddVehiclePageTest:35 - Initialize the Super Constructor
2019-08-16 21:48:22 INFO  TestBase:51 - Launching Chrome Broweser 
2019-08-16 21:49:08 INFO  TestBase:70 - Launching The product URL
2019-08-16 21:50:16 INFO  AddVehiclePageTest:55 - Verify Add vehicale Page Title 
2019-08-16 21:50:16 INFO  AddVehiclePageTest:62 - Check UserName On Add vehicle
2019-08-16 21:51:10 INFO  TestBase:108 - Enter vehicle Model Type
2019-08-16 21:52:05 INFO  TestBase:108 - Enter vehicle Model Type
2019-08-16 21:53:01 INFO  AddVehiclePageTest:117 - Close Browser
